<?xml version="1.0" encoding="UTF-8"?>
<coverage generated="1632423993247" clover="3.2.0">
  <project timestamp="1632423993247" name="All files">
    <metrics statements="25" coveredstatements="17" conditionals="10" coveredconditionals="8" methods="6" coveredmethods="3" elements="41" coveredelements="28" complexity="0" loc="25" ncloc="25" packages="1" files="1" classes="1"/>
    <file name="index.jsx" path="/home/gustavo/Documentos/dev/REACT_CURSOS/REACT_NEXT_LUIZ_OTAVIO/2-REACT-BASICO/projeto-1/src/templates/Home/index.jsx">
      <metrics statements="25" coveredstatements="17" conditionals="10" coveredconditionals="8" methods="6" coveredmethods="3"/>
      <line num="10" count="1" type="stmt"/>
      <line num="11" count="4" type="stmt"/>
      <line num="12" count="3" type="stmt"/>
      <line num="13" count="3" type="stmt"/>
      <line num="14" count="3" type="stmt"/>
      <line num="15" count="3" type="stmt"/>
      <line num="17" count="3" type="stmt"/>
      <line num="19" count="3" type="cond" truecount="1" falsecount="1"/>
      <line num="21" count="0" type="stmt"/>
      <line num="25" count="3" type="stmt"/>
      <line num="26" count="1" type="stmt"/>
      <line num="28" count="1" type="stmt"/>
      <line num="29" count="1" type="stmt"/>
      <line num="32" count="3" type="stmt"/>
      <line num="33" count="0" type="stmt"/>
      <line num="34" count="0" type="stmt"/>
      <line num="35" count="0" type="stmt"/>
      <line num="36" count="0" type="stmt"/>
      <line num="37" count="0" type="stmt"/>
      <line num="40" count="3" type="stmt"/>
      <line num="41" count="0" type="stmt"/>
      <line num="42" count="0" type="stmt"/>
      <line num="45" count="3" type="stmt"/>
      <line num="46" count="1" type="stmt"/>
      <line num="49" count="3" type="stmt"/>
    </file>
  </project>
</coverage>
