{"/home/gustavo/Documentos/dev/REACT_CURSOS/REACT_NEXT_LUIZ_OTAVIO/2-REACT-BASICO/projeto-1/src/templates/Home/index.jsx": {"path":"/home/gustavo/Documentos/dev/REACT_CURSOS/REACT_NEXT_LUIZ_OTAVIO/2-REACT-BASICO/projeto-1/src/templates/Home/index.jsx","statementMap":{"0":{"start":{"line":10,"column":20},"end":{"line":72,"column":1}},"1":{"start":{"line":11,"column":28},"end":{"line":11,"column":40}},"2":{"start":{"line":12,"column":34},"end":{"line":12,"column":46}},"3":{"start":{"line":13,"column":26},"end":{"line":13,"column":37}},"4":{"start":{"line":14,"column":25},"end":{"line":14,"column":36}},"5":{"start":{"line":15,"column":40},"end":{"line":15,"column":52}},"6":{"start":{"line":17,"column":22},"end":{"line":17,"column":60}},"7":{"start":{"line":19,"column":24},"end":{"line":23,"column":11}},"8":{"start":{"line":21,"column":8},"end":{"line":21,"column":76}},"9":{"start":{"line":25,"column":26},"end":{"line":30,"column":8}},"10":{"start":{"line":26,"column":27},"end":{"line":26,"column":44}},"11":{"start":{"line":28,"column":4},"end":{"line":28,"column":55}},"12":{"start":{"line":29,"column":4},"end":{"line":29,"column":32}},"13":{"start":{"line":32,"column":24},"end":{"line":38,"column":3}},"14":{"start":{"line":33,"column":21},"end":{"line":33,"column":40}},"15":{"start":{"line":34,"column":22},"end":{"line":34,"column":71}},"16":{"start":{"line":35,"column":4},"end":{"line":35,"column":29}},"17":{"start":{"line":36,"column":4},"end":{"line":36,"column":20}},"18":{"start":{"line":37,"column":4},"end":{"line":37,"column":22}},"19":{"start":{"line":40,"column":23},"end":{"line":43,"column":3}},"20":{"start":{"line":41,"column":22},"end":{"line":41,"column":30}},"21":{"start":{"line":42,"column":4},"end":{"line":42,"column":26}},"22":{"start":{"line":45,"column":2},"end":{"line":47,"column":38}},"23":{"start":{"line":46,"column":4},"end":{"line":46,"column":37}},"24":{"start":{"line":49,"column":2},"end":{"line":71,"column":4}}},"fnMap":{"0":{"name":"(anonymous_0)","decl":{"start":{"line":10,"column":20},"end":{"line":10,"column":21}},"loc":{"start":{"line":10,"column":26},"end":{"line":72,"column":1}},"line":10},"1":{"name":"(anonymous_1)","decl":{"start":{"line":20,"column":22},"end":{"line":20,"column":23}},"loc":{"start":{"line":20,"column":30},"end":{"line":22,"column":7}},"line":20},"2":{"name":"(anonymous_2)","decl":{"start":{"line":25,"column":38},"end":{"line":25,"column":39}},"loc":{"start":{"line":25,"column":68},"end":{"line":30,"column":3}},"line":25},"3":{"name":"(anonymous_3)","decl":{"start":{"line":32,"column":24},"end":{"line":32,"column":25}},"loc":{"start":{"line":32,"column":30},"end":{"line":38,"column":3}},"line":32},"4":{"name":"(anonymous_4)","decl":{"start":{"line":40,"column":23},"end":{"line":40,"column":24}},"loc":{"start":{"line":40,"column":28},"end":{"line":43,"column":3}},"line":40},"5":{"name":"(anonymous_5)","decl":{"start":{"line":45,"column":12},"end":{"line":45,"column":13}},"loc":{"start":{"line":45,"column":18},"end":{"line":47,"column":3}},"line":45}},"branchMap":{"0":{"loc":{"start":{"line":19,"column":24},"end":{"line":23,"column":11}},"type":"cond-expr","locations":[{"start":{"line":20,"column":6},"end":{"line":22,"column":8}},{"start":{"line":23,"column":6},"end":{"line":23,"column":11}}],"line":19},"1":{"loc":{"start":{"line":52,"column":9},"end":{"line":52,"column":62}},"type":"binary-expr","locations":[{"start":{"line":52,"column":9},"end":{"line":52,"column":22}},{"start":{"line":52,"column":26},"end":{"line":52,"column":62}}],"line":52},"2":{"loc":{"start":{"line":57,"column":7},"end":{"line":57,"column":66}},"type":"binary-expr","locations":[{"start":{"line":57,"column":7},"end":{"line":57,"column":31}},{"start":{"line":57,"column":35},"end":{"line":57,"column":66}}],"line":57},"3":{"loc":{"start":{"line":59,"column":7},"end":{"line":59,"column":56}},"type":"binary-expr","locations":[{"start":{"line":59,"column":7},"end":{"line":59,"column":33}},{"start":{"line":59,"column":37},"end":{"line":59,"column":56}}],"line":59},"4":{"loc":{"start":{"line":62,"column":9},"end":{"line":68,"column":9}},"type":"binary-expr","locations":[{"start":{"line":62,"column":9},"end":{"line":62,"column":21}},{"start":{"line":63,"column":10},"end":{"line":67,"column":12}}],"line":62}},"s":{"0":1,"1":4,"2":3,"3":3,"4":3,"5":3,"6":3,"7":3,"8":0,"9":3,"10":1,"11":1,"12":1,"13":3,"14":0,"15":0,"16":0,"17":0,"18":0,"19":3,"20":0,"21":0,"22":3,"23":1,"24":3},"f":{"0":4,"1":0,"2":1,"3":0,"4":0,"5":1},"b":{"0":[0,3],"1":[3,0],"2":[3,2],"3":[3,1],"4":[3,3]},"_coverageSchema":"1a1c01bbd47fc00a2c39e90264f33305004495a9","hash":"1c78a0f42ac2956bc1bd83a4b5b9e5c7d1cfb3e5"}
}
