TN:
SF:src/templates/Home/index.jsx
FN:10,(anonymous_0)
FN:20,(anonymous_1)
FN:25,(anonymous_2)
FN:32,(anonymous_3)
FN:40,(anonymous_4)
FN:45,(anonymous_5)
FNF:6
FNH:3
FNDA:4,(anonymous_0)
FNDA:0,(anonymous_1)
FNDA:1,(anonymous_2)
FNDA:0,(anonymous_3)
FNDA:0,(anonymous_4)
FNDA:1,(anonymous_5)
DA:10,1
DA:11,4
DA:12,3
DA:13,3
DA:14,3
DA:15,3
DA:17,3
DA:19,3
DA:21,0
DA:25,3
DA:26,1
DA:28,1
DA:29,1
DA:32,3
DA:33,0
DA:34,0
DA:35,0
DA:36,0
DA:37,0
DA:40,3
DA:41,0
DA:42,0
DA:45,3
DA:46,1
DA:49,3
LF:25
LH:17
BRDA:19,0,0,0
BRDA:19,0,1,3
BRDA:52,1,0,3
BRDA:52,1,1,0
BRDA:57,2,0,3
BRDA:57,2,1,2
BRDA:59,3,0,3
BRDA:59,3,1,1
BRDA:62,4,0,3
BRDA:62,4,1,3
BRF:10
BRH:8
end_of_record
